<?xml version="1.0" encoding="UTF-8"?>
<coverage generated="1665133392576" clover="3.2.0">
  <project timestamp="1665133392576" name="All files">
    <metrics statements="22" coveredstatements="19" conditionals="2" coveredconditionals="1" methods="13" coveredmethods="11" elements="37" coveredelements="31" complexity="0" loc="22" ncloc="22" packages="2" files="2" classes="2"/>
    <package name="__mock__">
      <metrics statements="2" coveredstatements="1" conditionals="0" coveredconditionals="0" methods="1" coveredmethods="0"/>
      <file name="localStorageMock.js" path="/Users/albino/Desktop/Dev/patners/To-Do-List/__mock__/localStorageMock.js">
        <metrics statements="2" coveredstatements="1" conditionals="0" coveredconditionals="0" methods="1" coveredmethods="0"/>
        <line num="2" count="2" type="stmt"/>
        <line num="5" count="0" type="stmt"/>
      </file>
    </package>
    <package name="src">
      <metrics statements="20" coveredstatements="18" conditionals="2" coveredconditionals="1" methods="12" coveredmethods="11"/>
      <file name="tasklogicmock.js" path="/Users/albino/Desktop/Dev/patners/To-Do-List/src/tasklogicmock.js">
        <metrics statements="20" coveredstatements="18" conditionals="2" coveredconditionals="1" methods="12" coveredmethods="11"/>
        <line num="5" count="2" type="stmt"/>
        <line num="9" count="4" type="stmt"/>
        <line num="10" count="4" type="stmt"/>
        <line num="14" count="8" type="stmt"/>
        <line num="15" count="4" type="stmt"/>
        <line num="16" count="6" type="stmt"/>
        <line num="18" count="4" type="stmt"/>
        <line num="19" count="4" type="stmt"/>
        <line num="23" count="1" type="stmt"/>
        <line num="24" count="1" type="cond" truecount="1" falsecount="1"/>
        <line num="25" count="1" type="stmt"/>
        <line num="27" count="0" type="stmt"/>
        <line num="29" count="1" type="stmt"/>
        <line num="33" count="1" type="stmt"/>
        <line num="34" count="1" type="stmt"/>
        <line num="35" count="1" type="stmt"/>
        <line num="39" count="1" type="stmt"/>
        <line num="40" count="1" type="stmt"/>
        <line num="41" count="0" type="stmt"/>
        <line num="43" count="1" type="stmt"/>
      </file>
    </package>
  </project>
</coverage>
