TN:
SF:__mock__/localStorageMock.js
FN:4,(anonymous_0)
FNF:1
FNH:0
FNDA:0,(anonymous_0)
DA:2,2
DA:5,0
LF:2
LH:1
BRF:0
BRH:0
end_of_record
TN:
SF:src/tasklogicmock.js
FN:4,(anonymous_0)
FN:8,(anonymous_1)
FN:13,(anonymous_2)
FN:14,(anonymous_3)
FN:15,(anonymous_4)
FN:22,(anonymous_5)
FN:23,(anonymous_6)
FN:32,(anonymous_7)
FN:33,(anonymous_8)
FN:38,(anonymous_9)
FN:39,(anonymous_10)
FN:40,(anonymous_11)
FNF:12
FNH:11
FNDA:2,(anonymous_0)
FNDA:4,(anonymous_1)
FNDA:4,(anonymous_2)
FNDA:8,(anonymous_3)
FNDA:6,(anonymous_4)
FNDA:1,(anonymous_5)
FNDA:1,(anonymous_6)
FNDA:1,(anonymous_7)
FNDA:1,(anonymous_8)
FNDA:1,(anonymous_9)
FNDA:1,(anonymous_10)
FNDA:0,(anonymous_11)
DA:5,2
DA:9,4
DA:10,4
DA:14,8
DA:15,4
DA:16,6
DA:18,4
DA:19,4
DA:23,1
DA:24,1
DA:25,1
DA:27,0
DA:29,1
DA:33,1
DA:34,1
DA:35,1
DA:39,1
DA:40,1
DA:41,0
DA:43,1
LF:20
LH:18
BRDA:24,0,0,1
BRDA:24,0,1,0
BRF:2
BRH:1
end_of_record
